app/build/outputs/logs/manifest-merger-debug-report.txt
-- Merging decision tree log ---
manifest
ADDED from src/main/AndroidManifest.xml:2:1-100:12
INJECTED from src/main/AndroidManifest.xml:2:1-100:12
INJECTED from src/main/AndroidManifest.xml:2:1-100:12
INJECTED from src/main/AndroidManifest.xml:2:1-100:12
MERGED from [com.mikepenz:materialdrawer:6.0.8] AndroidManifest.xml:2:1-11:12
MERGED from [com.edwardvanraak:MaterialBarcodeScanner:0.0.6-ALPHA] AndroidManifest.xml:2:1-32:12
MERGED from [com.mikepenz:iconics-core:3.0.4] AndroidManifest.xml:2:1-11:12
MERGED from [com.mikepenz:fastadapter-extensions-expandable:3.2.7] AndroidManifest.xml:2:1-11:12
MERGED from [com.mikepenz:fastadapter-commons:3.2.7] AndroidManifest.xml:2:1-11:12
MERGED from [com.mikepenz:fastadapter:3.2.7] AndroidManifest.xml:2:1-11:12
MERGED from [com.android.support:design:27.1.1] AndroidManifest.xml:17:1-22:12
MERGED from [com.android.support:appcompat-v7:27.1.1] AndroidManifest.xml:17:1-22:12
MERGED from [com.android.support.constraint:constraint-layout:1.1.2] AndroidManifest.xml:2:1-11:12
MERGED from [com.android.support:recyclerview-v7:27.1.1] AndroidManifest.xml:17:1-22:12
MERGED from [com.android.support:cardview-v7:27.1.1] AndroidManifest.xml:17:1-22:12
MERGED from [com.google.android.gms:play-services-vision:8.4.0] AndroidManifest.xml:2:1-6:12
MERGED from [com.google.android.gms:play-services-base:8.4.0] AndroidManifest.xml:16:1-19:12
MERGED from [com.google.android.gms:play-services-basement:8.4.0] AndroidManifest.xml:16:1-26:12
MERGED from [com.android.support:support-v4:27.1.1] AndroidManifest.xml:17:1-22:12
MERGED from [de.hdodenhof:circleimageview:2.1.0] AndroidManifest.xml:2:1-11:12
MERGED from [com.mcxiaoke.volley:library-aar:1.0.0] AndroidManifest.xml:1:70-7:12
MERGED from [com.github.bumptech.glide:glide:4.6.1] AndroidManifest.xml:2:1-13:12
MERGED from [com.github.delight-im:Android-AdvancedWebView:v3.0.0] AndroidManifest.xml:2:1-11:12
MERGED from [com.android.support:support-fragment:27.1.1] AndroidManifest.xml:17:1-22:12
MERGED from [com.android.support:animated-vector-drawable:27.1.1] AndroidManifest.xml:17:1-22:12
MERGED from [com.android.support:support-core-ui:27.1.1] AndroidManifest.xml:17:1-22:12
MERGED from [com.android.support:support-core-utils:27.1.1] AndroidManifest.xml:17:1-22:12
MERGED from [com.android.support:support-vector-drawable:27.1.1] AndroidManifest.xml:17:1-22:12
MERGED from [com.android.support:transition:27.1.1] AndroidManifest.xml:17:1-22:12
MERGED from [com.android.support:support-media-compat:27.1.1] AndroidManifest.xml:17:1-22:12
MERGED from [com.android.support:support-compat:27.1.1] AndroidManifest.xml:17:1-22:12
MERGED from [com.github.bumptech.glide:gifdecoder:4.6.1] AndroidManifest.xml:2:1-11:12
MERGED from [com.mikepenz:google-material-typeface:3.0.1.1.original] AndroidManifest.xml:17:1-29:12
MERGED from [com.mikepenz:fontawesome-typeface:5.0.6.0] AndroidManifest.xml:2:1-12:12
MERGED from [com.mikepenz:octicons-typeface:3.0.0.1] AndroidManifest.xml:17:1-29:12
MERGED from [com.mikepenz:itemanimators:1.0.2] AndroidManifest.xml:2:1-11:12
MERGED from [com.mikepenz:crossfader:1.5.1] AndroidManifest.xml:2:1-12:12
MERGED from [com.mikepenz:crossfadedrawerlayout:1.0.1] AndroidManifest.xml:2:1-12:12
MERGED from [com.mikepenz:materialize:1.1.2] AndroidManifest.xml:2:1-12:12
MERGED from [android.arch.lifecycle:runtime:1.1.0] AndroidManifest.xml:17:1-22:12
MERGED from [android.arch.lifecycle:livedata-core:1.1.0] AndroidManifest.xml:17:1-22:12
MERGED from [android.arch.core:runtime:1.1.0] AndroidManifest.xml:17:1-22:12
MERGED from [android.arch.lifecycle:viewmodel:1.1.0] AndroidManifest.xml:17:1-22:12
INJECTED from src/main/AndroidManifest.xml:2:1-100:12
INJECTED from src/main/AndroidManifest.xml:2:1-100:12
INJECTED from src/main/AndroidManifest.xml:2:1-100:12
	package
		ADDED from src/main/AndroidManifest.xml:4:5-32
		INJECTED from src/main/AndroidManifest.xml
		INJECTED from src/main/AndroidManifest.xml
	android:versionName
		INJECTED from src/main/AndroidManifest.xml
		ADDED from src/main/AndroidManifest.xml:2:1-100:12
		INJECTED from src/main/AndroidManifest.xml
	xmlns:tools
		ADDED from src/main/AndroidManifest.xml:3:5-51
	android:versionCode
		INJECTED from src/main/AndroidManifest.xml
		ADDED from src/main/AndroidManifest.xml:2:1-100:12
		INJECTED from src/main/AndroidManifest.xml
	xmlns:android
		ADDED from src/main/AndroidManifest.xml:2:11-69
uses-permission#android.permission.INTERNET
ADDED from src/main/AndroidManifest.xml:6:5-67
	android:name
		ADDED from src/main/AndroidManifest.xml:6:22-64
uses-permission#android.permission.BLUETOOTH
ADDED from src/main/AndroidManifest.xml:7:5-68
	android:name
		ADDED from src/main/AndroidManifest.xml:7:22-65
uses-permission#android.permission.BLUETOOTH_ADMIN
ADDED from src/main/AndroidManifest.xml:8:5-74
	android:name
		ADDED from src/main/AndroidManifest.xml:8:22-71
uses-permission#android.permission.ACCESS_NETWORK_STATE
ADDED from src/main/AndroidManifest.xml:9:5-79
	android:name
		ADDED from src/main/AndroidManifest.xml:9:22-76
uses-permission#android.permission.WRITE_EXTERNAL_STORAGE
ADDED from src/main/AndroidManifest.xml:11:5-81
	android:name
		ADDED from src/main/AndroidManifest.xml:11:22-78
uses-permission#android.permission.WRITE_INTERNAL_STORAGE
ADDED from src/main/AndroidManifest.xml:12:5-81
	android:name
		ADDED from src/main/AndroidManifest.xml:12:22-78
uses-permission#android.permission.READ_PHONE_STATE
ADDED from src/main/AndroidManifest.xml:13:5-75
	android:name
		ADDED from src/main/AndroidManifest.xml:13:22-72
application
ADDED from src/main/AndroidManifest.xml:15:5-98:19
MERGED from [com.edwardvanraak:MaterialBarcodeScanner:0.0.6-ALPHA] AndroidManifest.xml:15:5-30:19
MERGED from [com.edwardvanraak:MaterialBarcodeScanner:0.0.6-ALPHA] AndroidManifest.xml:15:5-30:19
MERGED from [com.android.support.constraint:constraint-layout:1.1.2] AndroidManifest.xml:9:5-20
MERGED from [com.android.support.constraint:constraint-layout:1.1.2] AndroidManifest.xml:9:5-20
MERGED from [com.google.android.gms:play-services-vision:8.4.0] AndroidManifest.xml:5:5-20
MERGED from [com.google.android.gms:play-services-vision:8.4.0] AndroidManifest.xml:5:5-20
MERGED from [com.google.android.gms:play-services-basement:8.4.0] AndroidManifest.xml:20:5-24:19
MERGED from [com.google.android.gms:play-services-basement:8.4.0] AndroidManifest.xml:20:5-24:19
MERGED from [de.hdodenhof:circleimageview:2.1.0] AndroidManifest.xml:9:5-20
MERGED from [de.hdodenhof:circleimageview:2.1.0] AndroidManifest.xml:9:5-20
MERGED from [com.mcxiaoke.volley:library-aar:1.0.0] AndroidManifest.xml:5:5-19
MERGED from [com.mcxiaoke.volley:library-aar:1.0.0] AndroidManifest.xml:5:5-19
MERGED from [com.github.bumptech.glide:glide:4.6.1] AndroidManifest.xml:11:5-20
MERGED from [com.github.bumptech.glide:glide:4.6.1] AndroidManifest.xml:11:5-20
MERGED from [com.github.delight-im:Android-AdvancedWebView:v3.0.0] AndroidManifest.xml:9:5-20
MERGED from [com.github.delight-im:Android-AdvancedWebView:v3.0.0] AndroidManifest.xml:9:5-20
MERGED from [com.github.bumptech.glide:gifdecoder:4.6.1] AndroidManifest.xml:9:5-20
MERGED from [com.github.bumptech.glide:gifdecoder:4.6.1] AndroidManifest.xml:9:5-20
MERGED from [com.mikepenz:google-material-typeface:3.0.1.1.original] AndroidManifest.xml:27:5-20
MERGED from [com.mikepenz:google-material-typeface:3.0.1.1.original] AndroidManifest.xml:27:5-20
MERGED from [com.mikepenz:octicons-typeface:3.0.0.1] AndroidManifest.xml:27:5-20
MERGED from [com.mikepenz:octicons-typeface:3.0.0.1] AndroidManifest.xml:27:5-20
	android:supportsRtl
		ADDED from src/main/AndroidManifest.xml:22:9-35
	android:label
		ADDED from src/main/AndroidManifest.xml:19:9-41
	tools:ignore
		ADDED from src/main/AndroidManifest.xml:24:9-48
	android:roundIcon
		ADDED from src/main/AndroidManifest.xml:21:9-54
	android:largeHeap
		ADDED from src/main/AndroidManifest.xml:20:9-33
	android:icon
		ADDED from src/main/AndroidManifest.xml:18:9-43
	android:allowBackup
		ADDED from src/main/AndroidManifest.xml:17:9-35
	android:theme
		ADDED from src/main/AndroidManifest.xml:23:9-40
	android:name
		ADDED from src/main/AndroidManifest.xml:16:9-46
activity#com.alpokat.kasir.Activity.Splash_Activity
ADDED from src/main/AndroidManifest.xml:25:9-33:20
	android:theme
		ADDED from src/main/AndroidManifest.xml:27:13-69
	android:name
		ADDED from src/main/AndroidManifest.xml:26:13-53
intent-filter#action:name:android.intent.action.MAIN+category:name:android.intent.category.LAUNCHER
ADDED from src/main/AndroidManifest.xml:28:13-32:29
action#android.intent.action.MAIN
ADDED from src/main/AndroidManifest.xml:29:17-69
	android:name
		ADDED from src/main/AndroidManifest.xml:29:25-66
category#android.intent.category.LAUNCHER
ADDED from src/main/AndroidManifest.xml:31:17-77
	android:name
		ADDED from src/main/AndroidManifest.xml:31:27-74
activity#com.alpokat.kasir.Activity.MainActivity
ADDED from src/main/AndroidManifest.xml:34:9-36:76
	android:theme
		ADDED from src/main/AndroidManifest.xml:36:13-73
	android:name
		ADDED from src/main/AndroidManifest.xml:35:13-50
activity#com.alpokat.kasir.Activity.LoginActivity
ADDED from src/main/AndroidManifest.xml:37:9-41:72
	android:screenOrientation
		ADDED from src/main/AndroidManifest.xml:40:13-49
	android:label
		ADDED from src/main/AndroidManifest.xml:39:13-39
	android:theme
		ADDED from src/main/AndroidManifest.xml:41:13-69
	android:name
		ADDED from src/main/AndroidManifest.xml:38:13-51
activity#com.alpokat.kasir.Activity.PenjualanActivity
ADDED from src/main/AndroidManifest.xml:42:9-45:72
	android:label
		ADDED from src/main/AndroidManifest.xml:44:13-38
	android:theme
		ADDED from src/main/AndroidManifest.xml:45:13-69
	android:name
		ADDED from src/main/AndroidManifest.xml:43:13-55
activity#com.alpokat.kasir.Activity.PembayaranActivity
ADDED from src/main/AndroidManifest.xml:46:9-48:36
	android:label
		ADDED from src/main/AndroidManifest.xml:48:13-33
	android:name
		ADDED from src/main/AndroidManifest.xml:47:13-56
activity#com.alpokat.kasir.Activity.AddPelanggan
ADDED from src/main/AndroidManifest.xml:49:9-51:48
	android:label
		ADDED from src/main/AndroidManifest.xml:51:13-45
	android:name
		ADDED from src/main/AndroidManifest.xml:50:13-50
activity#com.alpokat.kasir.Activity.DataPelanggan
ADDED from src/main/AndroidManifest.xml:52:9-54:46
	android:label
		ADDED from src/main/AndroidManifest.xml:54:13-43
	android:name
		ADDED from src/main/AndroidManifest.xml:53:13-51
activity#com.alpokat.kasir.Activity.CariPelanggan
ADDED from src/main/AndroidManifest.xml:55:9-57:46
	android:label
		ADDED from src/main/AndroidManifest.xml:57:13-43
	android:name
		ADDED from src/main/AndroidManifest.xml:56:13-51
activity#com.alpokat.kasir.Activity.SettingActivity
ADDED from src/main/AndroidManifest.xml:58:9-60:39
	android:label
		ADDED from src/main/AndroidManifest.xml:60:13-36
	android:name
		ADDED from src/main/AndroidManifest.xml:59:13-53
activity#com.alpokat.kasir.Activity.RefActivity
ADDED from src/main/AndroidManifest.xml:61:9-63:48
	android:label
		ADDED from src/main/AndroidManifest.xml:63:13-45
	android:name
		ADDED from src/main/AndroidManifest.xml:62:13-49
activity#com.alpokat.kasir.Print.DeviceListActivity
ADDED from src/main/AndroidManifest.xml:64:9-66:73
	android:theme
		ADDED from src/main/AndroidManifest.xml:66:13-70
	android:name
		ADDED from src/main/AndroidManifest.xml:65:13-53
activity#com.alpokat.kasir.Activity.DataPenjualan
ADDED from src/main/AndroidManifest.xml:67:9-69:44
	android:label
		ADDED from src/main/AndroidManifest.xml:69:13-41
	android:name
		ADDED from src/main/AndroidManifest.xml:68:13-51
service#com.alpokat.kasir.Activity.MyService
ADDED from src/main/AndroidManifest.xml:71:9-74:39
	android:enabled
		ADDED from src/main/AndroidManifest.xml:73:13-35
	android:exported
		ADDED from src/main/AndroidManifest.xml:74:13-36
	android:name
		ADDED from src/main/AndroidManifest.xml:72:13-47
activity#com.alpokat.kasir.Activity.Midtrans
ADDED from src/main/AndroidManifest.xml:76:9-55
	android:name
		ADDED from src/main/AndroidManifest.xml:76:19-52
activity#com.alpokat.kasir.Activity.InputProduk
ADDED from src/main/AndroidManifest.xml:77:9-79:44
	android:label
		ADDED from src/main/AndroidManifest.xml:79:13-41
	android:name
		ADDED from src/main/AndroidManifest.xml:78:13-49
activity#com.alpokat.kasir.Activity.PenjualanBarcodeBluetooth
ADDED from src/main/AndroidManifest.xml:80:9-82:58
	android:windowSoftInputMode
		ADDED from src/main/AndroidManifest.xml:82:13-55
	android:name
		ADDED from src/main/AndroidManifest.xml:81:13-63
activity#com.alpokat.kasir.Activity.PembayaranBarcodeActivity
ADDED from src/main/AndroidManifest.xml:83:9-72
	android:name
		ADDED from src/main/AndroidManifest.xml:83:19-69
service#com.alpokat.kasir.MyKeyboard
ADDED from src/main/AndroidManifest.xml:86:9-97:19
	android:label
		ADDED from src/main/AndroidManifest.xml:88:13-48
	android:permission
		ADDED from src/main/AndroidManifest.xml:89:13-70
	android:name
		ADDED from src/main/AndroidManifest.xml:87:13-39
meta-data#android.view.im
ADDED from src/main/AndroidManifest.xml:90:13-92:50
	android:resource
		ADDED from src/main/AndroidManifest.xml:92:17-47
	android:name
		ADDED from src/main/AndroidManifest.xml:91:17-47
intent-filter#action:name:android.view.InputMethod
ADDED from src/main/AndroidManifest.xml:94:13-96:29
action#android.view.InputMethod
ADDED from src/main/AndroidManifest.xml:95:17-67
	android:name
		ADDED from src/main/AndroidManifest.xml:95:25-64
uses-sdk
INJECTED from src/main/AndroidManifest.xml reason: use-sdk injection requested
INJECTED from src/main/AndroidManifest.xml
INJECTED from src/main/AndroidManifest.xml
MERGED from [com.mikepenz:materialdrawer:6.0.8] AndroidManifest.xml:7:5-9:41
MERGED from [com.mikepenz:materialdrawer:6.0.8] AndroidManifest.xml:7:5-9:41
MERGED from [com.edwardvanraak:MaterialBarcodeScanner:0.0.6-ALPHA] AndroidManifest.xml:7:5-9:41
MERGED from [com.edwardvanraak:MaterialBarcodeScanner:0.0.6-ALPHA] AndroidManifest.xml:7:5-9:41
MERGED from [com.mikepenz:iconics-core:3.0.4] AndroidManifest.xml:7:5-9:41
MERGED from [com.mikepenz:iconics-core:3.0.4] AndroidManifest.xml:7:5-9:41
MERGED from [com.mikepenz:fastadapter-extensions-expandable:3.2.7] AndroidManifest.xml:7:5-9:41
MERGED from [com.mikepenz:fastadapter-extensions-expandable:3.2.7] AndroidManifest.xml:7:5-9:41
MERGED from [com.mikepenz:fastadapter-commons:3.2.7] AndroidManifest.xml:7:5-9:41
MERGED from [com.mikepenz:fastadapter-commons:3.2.7] AndroidManifest.xml:7:5-9:41
MERGED from [com.mikepenz:fastadapter:3.2.7] AndroidManifest.xml:7:5-9:41
MERGED from [com.mikepenz:fastadapter:3.2.7] AndroidManifest.xml:7:5-9:41
MERGED from [com.android.support:design:27.1.1] AndroidManifest.xml:20:5-44
MERGED from [com.android.support:design:27.1.1] AndroidManifest.xml:20:5-44
MERGED from [com.android.support:appcompat-v7:27.1.1] AndroidManifest.xml:20:5-44
MERGED from [com.android.support:appcompat-v7:27.1.1] AndroidManifest.xml:20:5-44
MERGED from [com.android.support.constraint:constraint-layout:1.1.2] AndroidManifest.xml:5:5-7:41
MERGED from [com.android.support.constraint:constraint-layout:1.1.2] AndroidManifest.xml:5:5-7:41
MERGED from [com.android.support:recyclerview-v7:27.1.1] AndroidManifest.xml:20:5-44
MERGED from [com.android.support:recyclerview-v7:27.1.1] AndroidManifest.xml:20:5-44
MERGED from [com.android.support:cardview-v7:27.1.1] AndroidManifest.xml:20:5-44
MERGED from [com.android.support:cardview-v7:27.1.1] AndroidManifest.xml:20:5-44
MERGED from [com.google.android.gms:play-services-vision:8.4.0] AndroidManifest.xml:4:5-42
MERGED from [com.google.android.gms:play-services-vision:8.4.0] AndroidManifest.xml:4:5-42
MERGED from [com.google.android.gms:play-services-base:8.4.0] AndroidManifest.xml:18:5-42
MERGED from [com.google.android.gms:play-services-base:8.4.0] AndroidManifest.xml:18:5-42
MERGED from [com.google.android.gms:play-services-basement:8.4.0] AndroidManifest.xml:18:5-42
MERGED from [com.google.android.gms:play-services-basement:8.4.0] AndroidManifest.xml:18:5-42
MERGED from [com.android.support:support-v4:27.1.1] AndroidManifest.xml:20:5-44
MERGED from [com.android.support:support-v4:27.1.1] AndroidManifest.xml:20:5-44
MERGED from [de.hdodenhof:circleimageview:2.1.0] AndroidManifest.xml:5:5-7:41
MERGED from [de.hdodenhof:circleimageview:2.1.0] AndroidManifest.xml:5:5-7:41
MERGED from [com.mcxiaoke.volley:library-aar:1.0.0] AndroidManifest.xml:3:5-72
MERGED from [com.mcxiaoke.volley:library-aar:1.0.0] AndroidManifest.xml:3:5-72
MERGED from [com.github.bumptech.glide:glide:4.6.1] AndroidManifest.xml:7:5-9:41
MERGED from [com.github.bumptech.glide:glide:4.6.1] AndroidManifest.xml:7:5-9:41
MERGED from [com.github.delight-im:Android-AdvancedWebView:v3.0.0] AndroidManifest.xml:5:5-7:41
MERGED from [com.github.delight-im:Android-AdvancedWebView:v3.0.0] AndroidManifest.xml:5:5-7:41
MERGED from [com.android.support:support-fragment:27.1.1] AndroidManifest.xml:20:5-44
MERGED from [com.android.support:support-fragment:27.1.1] AndroidManifest.xml:20:5-44
MERGED from [com.android.support:animated-vector-drawable:27.1.1] AndroidManifest.xml:20:5-44
MERGED from [com.android.support:animated-vector-drawable:27.1.1] AndroidManifest.xml:20:5-44
MERGED from [com.android.support:support-core-ui:27.1.1] AndroidManifest.xml:20:5-44
MERGED from [com.android.support:support-core-ui:27.1.1] AndroidManifest.xml:20:5-44
MERGED from [com.android.support:support-core-utils:27.1.1] AndroidManifest.xml:20:5-44
MERGED from [com.android.support:support-core-utils:27.1.1] AndroidManifest.xml:20:5-44
MERGED from [com.android.support:support-vector-drawable:27.1.1] AndroidManifest.xml:20:5-44
MERGED from [com.android.support:support-vector-drawable:27.1.1] AndroidManifest.xml:20:5-44
MERGED from [com.android.support:transition:27.1.1] AndroidManifest.xml:20:5-44
MERGED from [com.android.support:transition:27.1.1] AndroidManifest.xml:20:5-44
MERGED from [com.android.support:support-media-compat:27.1.1] AndroidManifest.xml:20:5-44
MERGED from [com.android.support:support-media-compat:27.1.1] AndroidManifest.xml:20:5-44
MERGED from [com.android.support:support-compat:27.1.1] AndroidManifest.xml:20:5-44
MERGED from [com.android.support:support-compat:27.1.1] AndroidManifest.xml:20:5-44
MERGED from [com.github.bumptech.glide:gifdecoder:4.6.1] AndroidManifest.xml:5:5-7:41
MERGED from [com.github.bumptech.glide:gifdecoder:4.6.1] AndroidManifest.xml:5:5-7:41
MERGED from [com.mikepenz:google-material-typeface:3.0.1.1.original] AndroidManifest.xml:23:5-25:41
MERGED from [com.mikepenz:google-material-typeface:3.0.1.1.original] AndroidManifest.xml:23:5-25:41
MERGED from [com.mikepenz:fontawesome-typeface:5.0.6.0] AndroidManifest.xml:8:5-10:41
MERGED from [com.mikepenz:fontawesome-typeface:5.0.6.0] AndroidManifest.xml:8:5-10:41
MERGED from [com.mikepenz:octicons-typeface:3.0.0.1] AndroidManifest.xml:23:5-25:41
MERGED from [com.mikepenz:octicons-typeface:3.0.0.1] AndroidManifest.xml:23:5-25:41
MERGED from [com.mikepenz:itemanimators:1.0.2] AndroidManifest.xml:7:5-9:41
MERGED from [com.mikepenz:itemanimators:1.0.2] AndroidManifest.xml:7:5-9:41
MERGED from [com.mikepenz:crossfader:1.5.1] AndroidManifest.xml:8:5-10:41
MERGED from [com.mikepenz:crossfader:1.5.1] AndroidManifest.xml:8:5-10:41
MERGED from [com.mikepenz:crossfadedrawerlayout:1.0.1] AndroidManifest.xml:8:5-10:41
MERGED from [com.mikepenz:crossfadedrawerlayout:1.0.1] AndroidManifest.xml:8:5-10:41
MERGED from [com.mikepenz:materialize:1.1.2] AndroidManifest.xml:8:5-10:41
MERGED from [com.mikepenz:materialize:1.1.2] AndroidManifest.xml:8:5-10:41
MERGED from [android.arch.lifecycle:runtime:1.1.0] AndroidManifest.xml:20:5-44
MERGED from [android.arch.lifecycle:runtime:1.1.0] AndroidManifest.xml:20:5-44
MERGED from [android.arch.lifecycle:livedata-core:1.1.0] AndroidManifest.xml:20:5-44
MERGED from [android.arch.lifecycle:livedata-core:1.1.0] AndroidManifest.xml:20:5-44
MERGED from [android.arch.core:runtime:1.1.0] AndroidManifest.xml:20:5-44
MERGED from [android.arch.core:runtime:1.1.0] AndroidManifest.xml:20:5-44
MERGED from [android.arch.lifecycle:viewmodel:1.1.0] AndroidManifest.xml:20:5-44
MERGED from [android.arch.lifecycle:viewmodel:1.1.0] AndroidManifest.xml:20:5-44
INJECTED from src/main/AndroidManifest.xml
INJECTED from src/main/AndroidManifest.xml
	android:targetSdkVersion
		INJECTED from src/main/AndroidManifest.xml
		ADDED from src/main/AndroidManifest.xml
		INJECTED from src/main/AndroidManifest.xml
	android:minSdkVersion
		INJECTED from src/main/AndroidManifest.xml
		ADDED from src/main/AndroidManifest.xml
		INJECTED from src/main/AndroidManifest.xml
uses-feature#android.hardware.camera
ADDED from [com.edwardvanraak:MaterialBarcodeScanner:0.0.6-ALPHA] AndroidManifest.xml:11:5-60
	android:name
		ADDED from [com.edwardvanraak:MaterialBarcodeScanner:0.0.6-ALPHA] AndroidManifest.xml:11:19-57
uses-permission#android.permission.CAMERA
ADDED from [com.edwardvanraak:MaterialBarcodeScanner:0.0.6-ALPHA] AndroidManifest.xml:13:5-65
	android:name
		ADDED from [com.edwardvanraak:MaterialBarcodeScanner:0.0.6-ALPHA] AndroidManifest.xml:13:22-62
meta-data#com.google.android.gms.version
ADDED from [com.edwardvanraak:MaterialBarcodeScanner:0.0.6-ALPHA] AndroidManifest.xml:18:9-20:69
MERGED from [com.google.android.gms:play-services-basement:8.4.0] AndroidManifest.xml:21:9-23:69
MERGED from [com.google.android.gms:play-services-basement:8.4.0] AndroidManifest.xml:21:9-23:69
	android:value
		ADDED from [com.edwardvanraak:MaterialBarcodeScanner:0.0.6-ALPHA] AndroidManifest.xml:20:13-66
	android:name
		ADDED from [com.edwardvanraak:MaterialBarcodeScanner:0.0.6-ALPHA] AndroidManifest.xml:19:13-58
meta-data#com.google.android.gms.vision.DEPENDENCIES
ADDED from [com.edwardvanraak:MaterialBarcodeScanner:0.0.6-ALPHA] AndroidManifest.xml:21:9-23:39
	android:value
		ADDED from [com.edwardvanraak:MaterialBarcodeScanner:0.0.6-ALPHA] AndroidManifest.xml:23:13-36
	android:name
		ADDED from [com.edwardvanraak:MaterialBarcodeScanner:0.0.6-ALPHA] AndroidManifest.xml:22:13-70
activity#com.edwardvanraak.materialbarcodescanner.MaterialBarcodeScannerActivity
ADDED from [com.edwardvanraak:MaterialBarcodeScanner:0.0.6-ALPHA] AndroidManifest.xml:25:9-29:20
	android:label
		ADDED from [com.edwardvanraak:MaterialBarcodeScanner:0.0.6-ALPHA] AndroidManifest.xml:27:13-49
	android:theme
		ADDED from [com.edwardvanraak:MaterialBarcodeScanner:0.0.6-ALPHA] AndroidManifest.xml:28:13-56
	android:name
		ADDED from [com.edwardvanraak:MaterialBarcodeScanner:0.0.6-ALPHA] AndroidManifest.xml:26:13-99